<?xml version="1.0" encoding="UTF-8"?>
<testng-results skipped="0" failed="0" ignored="0" total="1" passed="1">
  <reporter-output>
  </reporter-output>
  <suite name="Suite" duration-ms="1717" started-at="2022-05-29T06:38:08Z" finished-at="2022-05-29T06:38:10Z">
    <groups>
    </groups>
    <test name="Test" duration-ms="1717" started-at="2022-05-29T06:38:08Z" finished-at="2022-05-29T06:38:10Z">
      <class name="apichaining.EndtoEndTest">
        <test-method status="PASS" signature="test1()[pri:0, instance:apichaining.EndtoEndTest@76b0bfab]" name="test1" duration-ms="1697" started-at="2022-05-29T06:38:08Z" finished-at="2022-05-29T06:38:10Z">
          <reporter-output>
          </reporter-output>
        </test-method> <!-- test1 -->
      </class> <!-- apichaining.EndtoEndTest -->
    </test> <!-- Test -->
  </suite> <!-- Suite -->
</testng-results>
